0 silly argv { _: [ 'publish' ],
0 silly argv   y: true,
0 silly argv   yes: true,
0 silly argv   composed: 'publish',
0 silly argv   lernaVersion: '3.22.1',
0 silly argv   '$0':
0 silly argv    '/Users/morse/Documents/GitHub/react-comics/node_modules/.bin/lerna',
0 silly argv   bump: 'patch' }
1 notice cli v3.22.1
2 verbose rootPath /Users/morse/Documents/GitHub/react-comics
3 verbose session a3e9fe32b80a3e18
4 verbose user-agent lerna/3.22.1/node@v10.21.0+x64 (darwin)
5 silly argv { _: [ 'publish' ],
5 silly argv   y: true,
5 silly argv   yes: true,
5 silly argv   composed: 'publish',
5 silly argv   lernaVersion: '3.22.1',
5 silly argv   bump: 'patch' }
6 verbose rootPath /Users/morse/Documents/GitHub/react-comics
7 info current version 0.0.66
8 silly isAnythingCommitted
9 verbose isAnythingCommitted 1
10 silly currentBranch
11 verbose currentBranch master
12 silly remoteBranchExists
13 silly isBehindUpstream
14 silly isBehindUpstream master is behind origin/master by 0 commit(s) and ahead by 1
15 silly hasTags
16 verbose hasTags true
17 silly git-describe.sync "v0.0.66-1-g8f05e25" => {"lastTagName":"v0.0.66","lastVersion":"v0.0.66","refCount":"1","sha":"8f05e25","isDirty":false}
18 info Looking for changed packages since v0.0.66
19 info ignoring diff in paths matching [ '**/tests/**' ]
20 silly checking diff examples/example-package
21 silly no diff found in example-package
22 silly checking diff examples/markdown
23 silly no diff found in markdown
24 silly checking diff examples/renderer
25 silly no diff found in renderer
26 silly checking diff examples/styled-components
27 silly no diff found in styled-components
28 silly checking diff examples/tailwind
29 silly no diff found in tailwind
30 silly checking diff packages/cli
31 silly no diff found in @vitro/cli
32 silly checking diff packages/codemod
33 silly no diff found in @vitro/codemod
34 silly checking diff packages/docs.macro
35 silly no diff found in @vitro/docs.macro
36 silly checking diff packages/plugin
37 silly found diff in packages/plugin/package.json
37 silly found diff in packages/plugin/src/plugin.ts
38 verbose filtered diff [ 'packages/plugin/package.json',
38 verbose filtered diff   'packages/plugin/src/plugin.ts' ]
39 silly checking diff packages/template
40 silly no diff found in template
41 silly checking diff packages/ui
42 silly no diff found in @vitro/ui
43 silly checking diff website
44 silly no diff found in website
45 verbose updated renderer
46 verbose updated @vitro/cli
47 verbose updated @vitro/plugin
48 verbose updated template
49 verbose git-describe undefined => "v0.0.66-1-g8f05e25"
50 silly git-describe parsed => {"lastTagName":"v0.0.66","lastVersion":"v0.0.66","refCount":"1","sha":"8f05e25","isDirty":false}
51 info auto-confirmed
52 info execute Skipping releases
53 silly lifecycle No script for "preversion" in "vitro", continuing
54 silly lifecycle No script for "preversion" in "example-package", continuing
55 silly lifecycle No script for "preversion" in "markdown", continuing
56 silly lifecycle No script for "preversion" in "styled-components", continuing
57 silly lifecycle No script for "preversion" in "tailwind", continuing
58 silly lifecycle No script for "preversion" in "@vitro/codemod", continuing
59 silly lifecycle No script for "preversion" in "@vitro/docs.macro", continuing
60 silly lifecycle No script for "preversion" in "@vitro/plugin", continuing
61 silly lifecycle No script for "preversion" in "@vitro/ui", continuing
62 silly lifecycle No script for "version" in "styled-components", continuing
63 silly lifecycle No script for "preversion" in "website", continuing
64 silly lifecycle No script for "version" in "tailwind", continuing
65 silly lifecycle No script for "version" in "@vitro/plugin", continuing
66 silly lifecycle No script for "version" in "@vitro/codemod", continuing
67 silly lifecycle No script for "preversion" in "@vitro/cli", continuing
68 silly lifecycle No script for "version" in "markdown", continuing
69 silly lifecycle No script for "version" in "@vitro/ui", continuing
70 silly lifecycle No script for "preversion" in "renderer", continuing
71 silly lifecycle No script for "version" in "example-package", continuing
72 silly lifecycle No script for "version" in "@vitro/docs.macro", continuing
73 silly lifecycle No script for "version" in "website", continuing
74 silly lifecycle No script for "version" in "renderer", continuing
75 silly lifecycle No script for "version" in "@vitro/cli", continuing
76 silly lifecycle No script for "preversion" in "template", continuing
77 silly lifecycle No script for "version" in "template", continuing
78 silly lifecycle No script for "version" in "vitro", continuing
79 silly gitAdd [ 'examples/styled-components/package.json',
79 silly gitAdd   'examples/tailwind/package.json',
79 silly gitAdd   'packages/plugin/package.json',
79 silly gitAdd   'packages/codemod/package.json',
79 silly gitAdd   'examples/markdown/package.json',
79 silly gitAdd   'packages/ui/package.json',
79 silly gitAdd   'examples/example-package/package.json',
79 silly gitAdd   'packages/docs.macro/package.json',
79 silly gitAdd   'website/package.json',
79 silly gitAdd   'examples/renderer/package.json',
79 silly gitAdd   'packages/cli/package.json',
79 silly gitAdd   'packages/template/package.json',
79 silly gitAdd   'lerna.json' ]
80 silly gitCommit publish
81 verbose git [ 'commit', '-m', 'publish' ]
82 silly gitTag v0.0.67
83 verbose git [ 'tag', 'v0.0.67', '-m', 'v0.0.67' ]
84 silly lifecycle No script for "postversion" in "example-package", continuing
85 silly lifecycle No script for "postversion" in "markdown", continuing
86 silly lifecycle No script for "postversion" in "renderer", continuing
87 silly lifecycle No script for "postversion" in "styled-components", continuing
88 silly lifecycle No script for "postversion" in "tailwind", continuing
89 silly lifecycle No script for "postversion" in "@vitro/cli", continuing
90 silly lifecycle No script for "postversion" in "@vitro/codemod", continuing
91 silly lifecycle No script for "postversion" in "@vitro/docs.macro", continuing
92 silly lifecycle No script for "postversion" in "@vitro/plugin", continuing
93 silly lifecycle No script for "postversion" in "template", continuing
94 silly lifecycle No script for "postversion" in "@vitro/ui", continuing
95 silly lifecycle No script for "postversion" in "website", continuing
96 silly lifecycle No script for "postversion" in "vitro", continuing
97 info git Pushing tags...
98 silly gitPush origin master
99 info publish Publishing packages to npm...
100 info Verifying npm credentials
101 verbose Retrieving npm user profile
102 http fetch GET 200 https://registry.npmjs.org/-/npm/v1/user 478ms
103 silly npm profile get received {"tfa":false,"name":"xmorse","email":"beats.by.morse@gmail.com","email_verified":true,"created":"2019-04-13T10:57:40.766Z","updated":"2020-09-05T19:01:15.101Z","cidr_whitelist":null,"fullname":"Tommaso De Rossi","twitter":"","github":"remorses"}
104 silly get npm username received {"username":"xmorse","tfa":false,"name":"xmorse","email":"beats.by.morse@gmail.com","email_verified":true,"created":"2019-04-13T10:57:40.766Z","updated":"2020-09-05T19:01:15.101Z","cidr_whitelist":null,"fullname":"Tommaso De Rossi","twitter":"","github":"remorses"}
105 silly verifyNpmPackageAccess
106 http fetch GET 200 https://registry.npmjs.org/-/org/xmorse/package?format=cli 840ms
107 info Checking two-factor auth mode
108 verbose Retrieving npm user profile
109 http fetch GET 200 https://registry.npmjs.org/-/npm/v1/user 838ms
110 silly npm profile get received {"tfa":false,"name":"xmorse","email":"beats.by.morse@gmail.com","email_verified":true,"created":"2019-04-13T10:57:40.766Z","updated":"2020-09-05T19:01:15.101Z","cidr_whitelist":null,"fullname":"Tommaso De Rossi","twitter":"","github":"remorses"}
111 silly 2FA false
112 warn ENOLICENSE Packages @vitro/cli, @vitro/codemod, @vitro/docs.macro, @vitro/plugin, and @vitro/ui are missing a license.
112 warn ENOLICENSE One way to fix this is to add a LICENSE.md file to the root of this repository.
112 warn ENOLICENSE See https://choosealicense.com for additional guidance.
113 silly getCurrentSHA
114 verbose getCurrentSHA aeeca7004155ed4b27e2a6d3441d0dff61a9d4ee
115 silly lifecycle No script for "prepublish" in "vitro", continuing
116 silly lifecycle No script for "prepare" in "vitro", continuing
117 silly lifecycle No script for "prepublishOnly" in "vitro", continuing
118 silly lifecycle No script for "prepack" in "vitro", continuing
119 verbose pack-directory packages/codemod
120 verbose pack-directory packages/docs.macro
121 verbose pack-directory packages/plugin
122 verbose pack-directory packages/ui
123 silly lifecycle "prepublish" starting in "@vitro/codemod"
124 info lifecycle @vitro/codemod@0.0.67~prepublish: @vitro/codemod@0.0.67
125 silly lifecycle No script for "prepublish" in "@vitro/docs.macro", continuing
126 silly lifecycle No script for "prepublish" in "@vitro/plugin", continuing
127 silly lifecycle No script for "prepublish" in "@vitro/ui", continuing
128 silly lifecycle No script for "prepare" in "@vitro/docs.macro", continuing
129 silly lifecycle No script for "prepare" in "@vitro/plugin", continuing
130 silly lifecycle No script for "prepare" in "@vitro/ui", continuing
131 warn lifecycle The node binary used for scripts is /var/folders/fc/x_42l3cj7wgdbf872w0ng30w0000gn/T/yarn--1600969360737-0.5118867814839381/node but npm is using /Users/morse/.nvm/versions/node/v10.21.0/bin/node itself. Use the `--scripts-prepend-node-path` option to include the path for the node binary npm was executed with.
132 verbose lifecycle @vitro/codemod@0.0.67~prepublish: unsafe-perm in lifecycle true
133 verbose lifecycle @vitro/codemod@0.0.67~prepublish: PATH: /Users/morse/Documents/GitHub/react-comics/node_modules/npm-lifecycle/node-gyp-bin:/Users/morse/Documents/GitHub/react-comics/packages/codemod/node_modules/.bin:/var/folders/fc/x_42l3cj7wgdbf872w0ng30w0000gn/T/yarn--1600969360737-0.5118867814839381:/Users/morse/Documents/GitHub/react-comics/node_modules/.bin:/Users/morse/.config/yarn/link/node_modules/.bin:/Users/morse/Documents/GitHub/react-comics/node_modules/.bin:/Users/morse/.nvm/versions/node/v10.21.0/libexec/lib/node_modules/npm/bin/node-gyp-bin:/Users/morse/.nvm/versions/node/v10.21.0/lib/node_modules/npm/bin/node-gyp-bin:/Users/morse/.nvm/versions/node/v10.21.0/bin/node_modules/npm/bin/node-gyp-bin:/var/folders/fc/x_42l3cj7wgdbf872w0ng30w0000gn/T/yarn--1600969354398-0.8353094492903157:/Users/morse/Documents/GitHub/react-comics/node_modules/.bin:/Users/morse/.config/yarn/link/node_modules/.bin:/Users/morse/Documents/GitHub/react-comics/node_modules/.bin:/Users/morse/.nvm/versions/node/v10.21.0/libexec/lib/node_modules/npm/bin/node-gyp-bin:/Users/morse/.nvm/versions/node/v10.21.0/lib/node_modules/npm/bin/node-gyp-bin:/Users/morse/.nvm/versions/node/v10.21.0/bin/node_modules/npm/bin/node-gyp-bin:/Users/morse/google-cloud-sdk/bin:/usr/local/opt/bison/bin:/Users/morse/.nvm/versions/node/v10.21.0/bin:/usr/local/sbin:/usr/local/opt/binutils/bin:/Users/morse/.cargo/bin:/usr/local/bin/madmom:/Users/morse/.local/bin:/Users/morse/go/bin:/Users/morse/.pyenv/shims:/Users/morse/.pyenv:/usr/local/bin/:/Users/morse/.pyenv/shims:/usr/local/bin:/usr/bin:/bin:/usr/sbin:/sbin:/Library/TeX/texbin:/usr/local/go/bin:/Library/Frameworks/Mono.framework/Versions/Current/Commands:/Applications/Wireshark.app/Contents/MacOS:/Users/morse/google-cloud-sdk/bin:/usr/local/opt/bison/bin:/Users/morse/.nvm/versions/node/v10.21.0/bin:/usr/local/sbin:/usr/local/opt/binutils/bin:/Users/morse/.cargo/bin:/usr/local/bin/madmom:/Users/morse/.local/bin:/Users/morse/go/bin:/Users/morse/.pyenv/shims:/Users/morse/.pyenv:/usr/local/bin/:yarn global bin:yarn global bin
134 verbose lifecycle @vitro/codemod@0.0.67~prepublish: CWD: /Users/morse/Documents/GitHub/react-comics/packages/codemod
135 silly lifecycle @vitro/codemod@0.0.67~prepublish: Args: [ '-c', 'yarn build' ]
136 silly lifecycle No script for "prepublishOnly" in "@vitro/plugin", continuing
137 silly lifecycle No script for "prepublishOnly" in "@vitro/docs.macro", continuing
138 silly lifecycle No script for "prepublishOnly" in "@vitro/ui", continuing
139 silly lifecycle No script for "prepack" in "@vitro/plugin", continuing
140 silly lifecycle No script for "prepack" in "@vitro/ui", continuing
141 silly lifecycle No script for "prepack" in "@vitro/docs.macro", continuing
142 silly lifecycle No script for "postpack" in "@vitro/docs.macro", continuing
143 verbose packed packages/docs.macro
144 silly lifecycle No script for "postpack" in "@vitro/plugin", continuing
145 verbose packed packages/plugin
146 silly lifecycle No script for "postpack" in "@vitro/ui", continuing
147 verbose packed packages/ui
148 silly lifecycle @vitro/codemod@0.0.67~prepublish: Returned: code: 0  signal: null
149 silly lifecycle "prepublish" finished in "@vitro/codemod"
150 silly lifecycle No script for "prepare" in "@vitro/codemod", continuing
151 silly lifecycle No script for "prepublishOnly" in "@vitro/codemod", continuing
152 silly lifecycle No script for "prepack" in "@vitro/codemod", continuing
153 silly lifecycle No script for "postpack" in "@vitro/codemod", continuing
154 verbose packed packages/codemod
155 verbose pack-directory packages/cli
156 silly lifecycle "prepublish" starting in "@vitro/cli"
157 info lifecycle @vitro/cli@0.0.67~prepublish: @vitro/cli@0.0.67
158 verbose lifecycle @vitro/cli@0.0.67~prepublish: unsafe-perm in lifecycle true
159 verbose lifecycle @vitro/cli@0.0.67~prepublish: PATH: /Users/morse/Documents/GitHub/react-comics/node_modules/npm-lifecycle/node-gyp-bin:/Users/morse/Documents/GitHub/react-comics/packages/cli/node_modules/.bin:/var/folders/fc/x_42l3cj7wgdbf872w0ng30w0000gn/T/yarn--1600969360737-0.5118867814839381:/Users/morse/Documents/GitHub/react-comics/node_modules/.bin:/Users/morse/.config/yarn/link/node_modules/.bin:/Users/morse/Documents/GitHub/react-comics/node_modules/.bin:/Users/morse/.nvm/versions/node/v10.21.0/libexec/lib/node_modules/npm/bin/node-gyp-bin:/Users/morse/.nvm/versions/node/v10.21.0/lib/node_modules/npm/bin/node-gyp-bin:/Users/morse/.nvm/versions/node/v10.21.0/bin/node_modules/npm/bin/node-gyp-bin:/var/folders/fc/x_42l3cj7wgdbf872w0ng30w0000gn/T/yarn--1600969354398-0.8353094492903157:/Users/morse/Documents/GitHub/react-comics/node_modules/.bin:/Users/morse/.config/yarn/link/node_modules/.bin:/Users/morse/Documents/GitHub/react-comics/node_modules/.bin:/Users/morse/.nvm/versions/node/v10.21.0/libexec/lib/node_modules/npm/bin/node-gyp-bin:/Users/morse/.nvm/versions/node/v10.21.0/lib/node_modules/npm/bin/node-gyp-bin:/Users/morse/.nvm/versions/node/v10.21.0/bin/node_modules/npm/bin/node-gyp-bin:/Users/morse/google-cloud-sdk/bin:/usr/local/opt/bison/bin:/Users/morse/.nvm/versions/node/v10.21.0/bin:/usr/local/sbin:/usr/local/opt/binutils/bin:/Users/morse/.cargo/bin:/usr/local/bin/madmom:/Users/morse/.local/bin:/Users/morse/go/bin:/Users/morse/.pyenv/shims:/Users/morse/.pyenv:/usr/local/bin/:/Users/morse/.pyenv/shims:/usr/local/bin:/usr/bin:/bin:/usr/sbin:/sbin:/Library/TeX/texbin:/usr/local/go/bin:/Library/Frameworks/Mono.framework/Versions/Current/Commands:/Applications/Wireshark.app/Contents/MacOS:/Users/morse/google-cloud-sdk/bin:/usr/local/opt/bison/bin:/Users/morse/.nvm/versions/node/v10.21.0/bin:/usr/local/sbin:/usr/local/opt/binutils/bin:/Users/morse/.cargo/bin:/usr/local/bin/madmom:/Users/morse/.local/bin:/Users/morse/go/bin:/Users/morse/.pyenv/shims:/Users/morse/.pyenv:/usr/local/bin/:yarn global bin:yarn global bin
160 verbose lifecycle @vitro/cli@0.0.67~prepublish: CWD: /Users/morse/Documents/GitHub/react-comics/packages/cli
161 silly lifecycle @vitro/cli@0.0.67~prepublish: Args: [ '-c', 'yarn build' ]
162 silly lifecycle @vitro/cli@0.0.67~prepublish: Returned: code: 0  signal: null
163 silly lifecycle "prepublish" finished in "@vitro/cli"
164 silly lifecycle No script for "prepare" in "@vitro/cli", continuing
165 silly lifecycle No script for "prepublishOnly" in "@vitro/cli", continuing
166 silly lifecycle No script for "prepack" in "@vitro/cli", continuing
167 error ZlibError: zlib: invalid stored block lengths
167 error     at Unzip.ZlibBase.(anonymous function).on.er (/Users/morse/Documents/GitHub/react-comics/node_modules/minizlib/index.js:73:52)
167 error     at Unzip.emit (events.js:203:15)
167 error     at Zlib.zlibOnError [as onerror] (zlib.js:167:8)
167 error     at processChunkSync (zlib.js:412:12)
167 error     at Unzip.ZlibBase._processChunk (zlib.js:387:12)
167 error     at Unzip.write (/Users/morse/Documents/GitHub/react-comics/node_modules/minizlib/index.js:140:30)
167 error     at Object.write (/Users/morse/Documents/GitHub/react-comics/node_modules/tar/lib/parse.js:305:58)
167 error     at Yallist.pipes.forEach.p (/Users/morse/Documents/GitHub/react-comics/node_modules/tar/node_modules/minipass/index.js:374:18)
167 error     at Yallist.forEach (/Users/morse/Documents/GitHub/react-comics/node_modules/yallist/yallist.js:156:8)
167 error     at ReadStream.emit (/Users/morse/Documents/GitHub/react-comics/node_modules/tar/node_modules/minipass/index.js:373:20)
167 error     at ReadStream.emit (/Users/morse/Documents/GitHub/react-comics/node_modules/tar/node_modules/fs-minipass/index.js:154:22)
167 error     at ReadStream.write (/Users/morse/Documents/GitHub/react-comics/node_modules/tar/node_modules/minipass/index.js:163:17)
167 error     at ReadStream.[_handleChunk] (/Users/morse/Documents/GitHub/react-comics/node_modules/tar/node_modules/fs-minipass/index.js:131:19)
167 error     at ReadStream.[_onread] (/Users/morse/Documents/GitHub/react-comics/node_modules/tar/node_modules/fs-minipass/index.js:109:32)
167 error     at fs.read (/Users/morse/Documents/GitHub/react-comics/node_modules/tar/node_modules/fs-minipass/index.js:101:22)
